This is pdfTeX, Version 3.141592653-2.6-1.40.26 (TeX Live 2024) (preloaded format=pdflatex 2024.12.22)  6 JAN 2025 04:35
entering extended mode
 restricted \write18 enabled.
 %&-line parsing enabled.
**main
(./main.tex
LaTeX2e <2023-11-01> patch level 1
L3 programming layer <2024-02-20>
(/usr/local/texlive/2024/texmf-dist/tex/latex/base/article.cls
Document Class: article 2023/05/17 v1.4n Standard LaTeX document class
(/usr/local/texlive/2024/texmf-dist/tex/latex/base/size10.clo
File: size10.clo 2023/05/17 v1.4n Standard LaTeX file (size option)
)
\c@part=\count188
\c@section=\count189
\c@subsection=\count190
\c@subsubsection=\count191
\c@paragraph=\count192
\c@subparagraph=\count193
\c@figure=\count194
\c@table=\count195
\abovecaptionskip=\skip48
\belowcaptionskip=\skip49
\bibindent=\dimen140
)
(/usr/local/texlive/2024/texmf-dist/tex/latex/graphics/graphicx.sty
Package: graphicx 2021/09/16 v1.2d Enhanced LaTeX Graphics (DPC,SPQR)

(/usr/local/texlive/2024/texmf-dist/tex/latex/graphics/keyval.sty
Package: keyval 2022/05/29 v1.15 key=value parser (DPC)
\KV@toks@=\toks17
)
(/usr/local/texlive/2024/texmf-dist/tex/latex/graphics/graphics.sty
Package: graphics 2022/03/10 v1.4e Standard LaTeX Graphics (DPC,SPQR)

(/usr/local/texlive/2024/texmf-dist/tex/latex/graphics/trig.sty
Package: trig 2021/08/11 v1.11 sin cos tan (DPC)
)
(/usr/local/texlive/2024/texmf-dist/tex/latex/graphics-cfg/graphics.cfg
File: graphics.cfg 2016/06/04 v1.11 sample graphics configuration
)
Package graphics Info: Driver file: pdftex.def on input line 107.

(/usr/local/texlive/2024/texmf-dist/tex/latex/graphics-def/pdftex.def
File: pdftex.def 2022/09/22 v1.2b Graphics/color driver for pdftex
))
\Gin@req@height=\dimen141
\Gin@req@width=\dimen142
)
(/usr/local/texlive/2024/texmf-dist/tex/latex/biblatex/biblatex.sty
Package: biblatex 2023/03/05 v3.19 programmable bibliographies (PK/MW)

(/usr/local/texlive/2024/texmf-dist/tex/generic/pdftexcmds/pdftexcmds.sty
Package: pdftexcmds 2020-06-27 v0.33 Utility functions of pdfTeX for LuaTeX (HO
)

(/usr/local/texlive/2024/texmf-dist/tex/generic/infwarerr/infwarerr.sty
Package: infwarerr 2019/12/03 v1.5 Providing info/warning/error messages (HO)
)
(/usr/local/texlive/2024/texmf-dist/tex/generic/iftex/iftex.sty
Package: iftex 2022/02/03 v1.0f TeX engine tests
)
(/usr/local/texlive/2024/texmf-dist/tex/generic/ltxcmds/ltxcmds.sty
Package: ltxcmds 2023-12-04 v1.26 LaTeX kernel commands for general use (HO)
)
Package pdftexcmds Info: \pdf@primitive is available.
Package pdftexcmds Info: \pdf@ifprimitive is available.
Package pdftexcmds Info: \pdfdraftmode found.
)
(/usr/local/texlive/2024/texmf-dist/tex/latex/etoolbox/etoolbox.sty
Package: etoolbox 2020/10/05 v2.5k e-TeX tools for LaTeX (JAW)
\etb@tempcnta=\count196
)
(/usr/local/texlive/2024/texmf-dist/tex/latex/kvoptions/kvoptions.sty
Package: kvoptions 2022-06-15 v3.15 Key value format for package options (HO)

(/usr/local/texlive/2024/texmf-dist/tex/latex/kvsetkeys/kvsetkeys.sty
Package: kvsetkeys 2022-10-05 v1.19 Key value parser (HO)
))
(/usr/local/texlive/2024/texmf-dist/tex/latex/logreq/logreq.sty
Package: logreq 2010/08/04 v1.0 xml request logger
\lrq@indent=\count197

(/usr/local/texlive/2024/texmf-dist/tex/latex/logreq/logreq.def
File: logreq.def 2010/08/04 v1.0 logreq spec v1.0
))
(/usr/local/texlive/2024/texmf-dist/tex/latex/base/ifthen.sty
Package: ifthen 2022/04/13 v1.1d Standard LaTeX ifthen package (DPC)
)
(/usr/local/texlive/2024/texmf-dist/tex/latex/url/url.sty
\Urlmuskip=\muskip16
Package: url 2013/09/16  ver 3.4  Verb mode for urls, etc.
)
\c@tabx@nest=\count198
\c@listtotal=\count199
\c@listcount=\count266
\c@liststart=\count267
\c@liststop=\count268
\c@citecount=\count269
\c@citetotal=\count270
\c@multicitecount=\count271
\c@multicitetotal=\count272
\c@instcount=\count273
\c@maxnames=\count274
\c@minnames=\count275
\c@maxitems=\count276
\c@minitems=\count277
\c@citecounter=\count278
\c@maxcitecounter=\count279
\c@savedcitecounter=\count280
\c@uniquelist=\count281
\c@uniquename=\count282
\c@refsection=\count283
\c@refsegment=\count284
\c@maxextratitle=\count285
\c@maxextratitleyear=\count286
\c@maxextraname=\count287
\c@maxextradate=\count288
\c@maxextraalpha=\count289
\c@abbrvpenalty=\count290
\c@highnamepenalty=\count291
\c@lownamepenalty=\count292
\c@maxparens=\count293
\c@parenlevel=\count294
\blx@tempcnta=\count295
\blx@tempcntb=\count296
\blx@tempcntc=\count297
\c@blx@maxsection=\count298
\blx@maxsegment@0=\count299
\blx@notetype=\count300
\blx@parenlevel@text=\count301
\blx@parenlevel@foot=\count302
\blx@sectionciteorder@0=\count303
\blx@sectionciteorderinternal@0=\count304
\blx@entrysetcounter=\count305
\blx@biblioinstance=\count306
\labelnumberwidth=\skip50
\labelalphawidth=\skip51
\biblabelsep=\skip52
\bibitemsep=\skip53
\bibnamesep=\skip54
\bibinitsep=\skip55
\bibparsep=\skip56
\bibhang=\skip57
\blx@bcfin=\read2
\blx@bcfout=\write3
\blx@langwohyphens=\language89
\c@mincomprange=\count307
\c@maxcomprange=\count308
\c@mincompwidth=\count309
Package biblatex Info: Trying to load biblatex default data model...
Package biblatex Info: ... file 'blx-dm.def' found.

(/usr/local/texlive/2024/texmf-dist/tex/latex/biblatex/blx-dm.def
File: blx-dm.def 2023/03/05 v3.19 biblatex localization (PK/MW)
)
Package biblatex Info: Trying to load biblatex custom data model...
Package biblatex Info: ... file 'biblatex-dm.cfg' not found.
\c@afterword=\count310
\c@savedafterword=\count311
\c@annotator=\count312
\c@savedannotator=\count313
\c@author=\count314
\c@savedauthor=\count315
\c@bookauthor=\count316
\c@savedbookauthor=\count317
\c@commentator=\count318
\c@savedcommentator=\count319
\c@editor=\count320
\c@savededitor=\count321
\c@editora=\count322
\c@savededitora=\count323
\c@editorb=\count324
\c@savededitorb=\count325
\c@editorc=\count326
\c@savededitorc=\count327
\c@foreword=\count328
\c@savedforeword=\count329
\c@holder=\count330
\c@savedholder=\count331
\c@introduction=\count332
\c@savedintroduction=\count333
\c@namea=\count334
\c@savednamea=\count335
\c@nameb=\count336
\c@savednameb=\count337
\c@namec=\count338
\c@savednamec=\count339
\c@translator=\count340
\c@savedtranslator=\count341
\c@shortauthor=\count342
\c@savedshortauthor=\count343
\c@shorteditor=\count344
\c@savedshorteditor=\count345
\c@labelname=\count346
\c@savedlabelname=\count347
\c@institution=\count348
\c@savedinstitution=\count349
\c@lista=\count350
\c@savedlista=\count351
\c@listb=\count352
\c@savedlistb=\count353
\c@listc=\count354
\c@savedlistc=\count355
\c@listd=\count356
\c@savedlistd=\count357
\c@liste=\count358
\c@savedliste=\count359
\c@listf=\count360
\c@savedlistf=\count361
\c@location=\count362
\c@savedlocation=\count363
\c@organization=\count364
\c@savedorganization=\count365
\c@origlocation=\count366
\c@savedoriglocation=\count367
\c@origpublisher=\count368
\c@savedorigpublisher=\count369
\c@publisher=\count370
\c@savedpublisher=\count371
\c@language=\count372
\c@savedlanguage=\count373
\c@origlanguage=\count374
\c@savedoriglanguage=\count375
\c@pageref=\count376
\c@savedpageref=\count377
\shorthandwidth=\skip58
\shortjournalwidth=\skip59
\shortserieswidth=\skip60
\shorttitlewidth=\skip61
\shortauthorwidth=\skip62
\shorteditorwidth=\skip63
\locallabelnumberwidth=\skip64
\locallabelalphawidth=\skip65
\localshorthandwidth=\skip66
\localshortjournalwidth=\skip67
\localshortserieswidth=\skip68
\localshorttitlewidth=\skip69
\localshortauthorwidth=\skip70
\localshorteditorwidth=\skip71
Package biblatex Info: Trying to load compatibility code...
Package biblatex Info: ... file 'blx-compat.def' found.

(/usr/local/texlive/2024/texmf-dist/tex/latex/biblatex/blx-compat.def
File: blx-compat.def 2023/03/05 v3.19 biblatex compatibility (PK/MW)
)
Package biblatex Info: Trying to load generic definitions...
Package biblatex Info: ... file 'biblatex.def' found.

(/usr/local/texlive/2024/texmf-dist/tex/latex/biblatex/biblatex.def
File: biblatex.def 2023/03/05 v3.19 biblatex compatibility (PK/MW)
\c@textcitecount=\count378
\c@textcitetotal=\count379
\c@textcitemaxnames=\count380
\c@biburlbigbreakpenalty=\count381
\c@biburlbreakpenalty=\count382
\c@biburlnumpenalty=\count383
\c@biburlucpenalty=\count384
\c@biburllcpenalty=\count385
\biburlbigskip=\muskip17
\biburlnumskip=\muskip18
\biburlucskip=\muskip19
\biburllcskip=\muskip20
\c@smartand=\count386
)
Package biblatex Info: Trying to load bibliography style 'numeric'...
Package biblatex Info: ... file 'numeric.bbx' found.

(/usr/local/texlive/2024/texmf-dist/tex/latex/biblatex/bbx/numeric.bbx
File: numeric.bbx 2023/03/05 v3.19 biblatex bibliography style (PK/MW)
Package biblatex Info: Trying to load bibliography style 'standard'...
Package biblatex Info: ... file 'standard.bbx' found.

(/usr/local/texlive/2024/texmf-dist/tex/latex/biblatex/bbx/standard.bbx
File: standard.bbx 2023/03/05 v3.19 biblatex bibliography style (PK/MW)
\c@bbx:relatedcount=\count387
\c@bbx:relatedtotal=\count388
))
Package biblatex Info: Trying to load citation style 'numeric'...
Package biblatex Info: ... file 'numeric.cbx' found.

(/usr/local/texlive/2024/texmf-dist/tex/latex/biblatex/cbx/numeric.cbx
File: numeric.cbx 2023/03/05 v3.19 biblatex citation style (PK/MW)
Package biblatex Info: Redefining '\cite'.
Package biblatex Info: Redefining '\parencite'.
Package biblatex Info: Redefining '\footcite'.
Package biblatex Info: Redefining '\footcitetext'.
Package biblatex Info: Redefining '\smartcite'.
Package biblatex Info: Redefining '\supercite'.
Package biblatex Info: Redefining '\textcite'.
Package biblatex Info: Redefining '\textcites'.
Package biblatex Info: Redefining '\cites'.
Package biblatex Info: Redefining '\parencites'.
Package biblatex Info: Redefining '\smartcites'.
)
Package biblatex Info: Trying to load configuration file...
Package biblatex Info: ... file 'biblatex.cfg' found.

(/usr/local/texlive/2024/texmf-dist/tex/latex/biblatex/biblatex.cfg
File: biblatex.cfg 
)
Package biblatex Info: Input encoding 'utf8' detected.
Package biblatex Info: Document encoding is UTF8 ....

(/usr/local/texlive/2024/texmf-dist/tex/latex/l3kernel/expl3.sty
Package: expl3 2024-02-20 L3 programming layer (loader) 

(/usr/local/texlive/2024/texmf-dist/tex/latex/l3backend/l3backend-pdftex.def
File: l3backend-pdftex.def 2024-02-20 L3 backend support: PDF output (pdfTeX)
\l__color_backend_stack_int=\count389
\l__pdf_internal_box=\box51
))
Package biblatex Info: ... and expl3
(biblatex)             2024-02-20 L3 programming layer (loader) 
(biblatex)             is new enough (at least 2020/04/06),
(biblatex)             setting 'casechanger=expl3'.

(/usr/local/texlive/2024/texmf-dist/tex/latex/biblatex/blx-case-expl3.sty
(/usr/local/texlive/2024/texmf-dist/tex/latex/l3packages/xparse/xparse.sty
Package: xparse 2024-02-18 L3 Experimental document command parser
)
Package: blx-case-expl3 2023/03/05 v3.19 expl3 case changing code for biblatex
))
(/usr/local/texlive/2024/texmf-dist/tex/latex/wrapfig/wrapfig.sty
\wrapoverhang=\dimen143
\WF@size=\dimen144
\c@WF@wrappedlines=\count390
\WF@box=\box52
\WF@everypar=\toks18
Package: wrapfig 2003/01/31  v 3.6
)
(/usr/local/texlive/2024/texmf-dist/tex/latex/geometry/geometry.sty
Package: geometry 2020/01/02 v5.9 Page Geometry

(/usr/local/texlive/2024/texmf-dist/tex/generic/iftex/ifvtex.sty
Package: ifvtex 2019/10/25 v1.7 ifvtex legacy package. Use iftex instead.
)
\Gm@cnth=\count391
\Gm@cntv=\count392
\c@Gm@tempcnt=\count393
\Gm@bindingoffset=\dimen145
\Gm@wd@mp=\dimen146
\Gm@odd@mp=\dimen147
\Gm@even@mp=\dimen148
\Gm@layoutwidth=\dimen149
\Gm@layoutheight=\dimen150
\Gm@layouthoffset=\dimen151
\Gm@layoutvoffset=\dimen152
\Gm@dimlist=\toks19
)
(/usr/local/texlive/2024/texmf-dist/tex/latex/blindtext/blindtext.sty
Package: blindtext 2012/01/06 V2.0 blindtext-Package

(/usr/local/texlive/2024/texmf-dist/tex/latex/tools/xspace.sty
Package: xspace 2014/10/28 v1.13 Space after command names (DPC,MH)
)
\c@blindtext=\count394
\c@Blindtext=\count395
\c@blind@countparstart=\count396
\blind@countxx=\count397
\blindtext@numBlindtext=\count398
\blind@countyy=\count399
\c@blindlist=\count400
\c@blindlistlevel=\count401
\c@blindlist@level=\count402
\blind@listitem=\count403
\c@blind@listcount=\count404
\c@blind@levelcount=\count405
\blind@mathformula=\count406
\blind@Mathformula=\count407
\c@blind@randomcount=\count408
\c@blind@randommax=\count409
\c@blind@pangramcount=\count410
\c@blind@pangrammax=\count411
)
(/usr/local/texlive/2024/texmf-dist/tex/latex/setspace/setspace.sty
Package: setspace 2022/12/04 v6.7b set line spacing
)
(/usr/local/texlive/2024/texmf-dist/tex/latex/lipsum/lipsum.sty
(/usr/local/texlive/2024/texmf-dist/tex/latex/l3packages/l3keys2e/l3keys2e.sty
Package: l3keys2e 2024-02-18 LaTeX2e option processing using LaTeX3 keys
)
Package: lipsum 2021-09-20 v2.7 150 paragraphs of Lorem Ipsum dummy text
\g__lipsum_par_int=\count412
\l__lipsum_a_int=\count413
\l__lipsum_b_int=\count414
(/usr/local/texlive/2024/texmf-dist/tex/latex/lipsum/lipsum.ltd.tex))
(/usr/local/texlive/2024/texmf-dist/tex/latex/amsfonts/amssymb.sty
Package: amssymb 2013/01/14 v3.01 AMS font symbols

(/usr/local/texlive/2024/texmf-dist/tex/latex/amsfonts/amsfonts.sty
Package: amsfonts 2013/01/14 v3.01 Basic AMSFonts support
\@emptytoks=\toks20
\symAMSa=\mathgroup4
\symAMSb=\mathgroup5
LaTeX Font Info:    Redeclaring math symbol \hbar on input line 98.
LaTeX Font Info:    Overwriting math alphabet `\mathfrak' in version `bold'
(Font)                  U/euf/m/n --> U/euf/b/n on input line 106.
))
(/usr/local/texlive/2024/texmf-dist/tex/latex/amsmath/amsmath.sty
Package: amsmath 2023/05/13 v2.17o AMS math features
\@mathmargin=\skip72

For additional information on amsmath, use the `?' option.
(/usr/local/texlive/2024/texmf-dist/tex/latex/amsmath/amstext.sty
Package: amstext 2021/08/26 v2.01 AMS text

(/usr/local/texlive/2024/texmf-dist/tex/latex/amsmath/amsgen.sty
File: amsgen.sty 1999/11/30 v2.0 generic functions
\@emptytoks=\toks21
\ex@=\dimen153
))
(/usr/local/texlive/2024/texmf-dist/tex/latex/amsmath/amsbsy.sty
Package: amsbsy 1999/11/29 v1.2d Bold Symbols
\pmbraise@=\dimen154
)
(/usr/local/texlive/2024/texmf-dist/tex/latex/amsmath/amsopn.sty
Package: amsopn 2022/04/08 v2.04 operator names
)
\inf@bad=\count415
LaTeX Info: Redefining \frac on input line 234.
\uproot@=\count416
\leftroot@=\count417
LaTeX Info: Redefining \overline on input line 399.
LaTeX Info: Redefining \colon on input line 410.
\classnum@=\count418
\DOTSCASE@=\count419
LaTeX Info: Redefining \ldots on input line 496.
LaTeX Info: Redefining \dots on input line 499.
LaTeX Info: Redefining \cdots on input line 620.
\Mathstrutbox@=\box53
\strutbox@=\box54
LaTeX Info: Redefining \big on input line 722.
LaTeX Info: Redefining \Big on input line 723.
LaTeX Info: Redefining \bigg on input line 724.
LaTeX Info: Redefining \Bigg on input line 725.
\big@size=\dimen155
LaTeX Font Info:    Redeclaring font encoding OML on input line 743.
LaTeX Font Info:    Redeclaring font encoding OMS on input line 744.
\macc@depth=\count420
LaTeX Info: Redefining \bmod on input line 905.
LaTeX Info: Redefining \pmod on input line 910.
LaTeX Info: Redefining \smash on input line 940.
LaTeX Info: Redefining \relbar on input line 970.
LaTeX Info: Redefining \Relbar on input line 971.
\c@MaxMatrixCols=\count421
\dotsspace@=\muskip21
\c@parentequation=\count422
\dspbrk@lvl=\count423
\tag@help=\toks22
\row@=\count424
\column@=\count425
\maxfields@=\count426
\andhelp@=\toks23
\eqnshift@=\dimen156
\alignsep@=\dimen157
\tagshift@=\dimen158
\tagwidth@=\dimen159
\totwidth@=\dimen160
\lineht@=\dimen161
\@envbody=\toks24
\multlinegap=\skip73
\multlinetaggap=\skip74
\mathdisplay@stack=\toks25
LaTeX Info: Redefining \[ on input line 2953.
LaTeX Info: Redefining \] on input line 2954.
)
(/usr/local/texlive/2024/texmf-dist/tex/latex/siunitx/siunitx.sty
Package: siunitx 2024-02-15 v3.3.12 A comprehensive (SI) units package
\l__siunitx_number_uncert_offset_int=\count427
\l__siunitx_number_exponent_fixed_int=\count428
\l__siunitx_number_min_decimal_int=\count429
\l__siunitx_number_min_integer_int=\count430
\l__siunitx_number_round_precision_int=\count431
\l__siunitx_number_lower_threshold_int=\count432
\l__siunitx_number_upper_threshold_int=\count433
\l__siunitx_number_group_first_int=\count434
\l__siunitx_number_group_size_int=\count435
\l__siunitx_number_group_minimum_int=\count436
\l__siunitx_angle_tmp_dim=\dimen162
\l__siunitx_angle_marker_box=\box55
\l__siunitx_angle_unit_box=\box56
\l__siunitx_compound_count_int=\count437

(/usr/local/texlive/2024/texmf-dist/tex/latex/translations/translations.sty
Package: translations 2022/02/05 v1.12 internationalization of LaTeX2e packages
 (CN)
)
\l__siunitx_table_tmp_box=\box57
\l__siunitx_table_tmp_dim=\dimen163
\l__siunitx_table_column_width_dim=\dimen164
\l__siunitx_table_integer_box=\box58
\l__siunitx_table_decimal_box=\box59
\l__siunitx_table_uncert_box=\box60
\l__siunitx_table_before_box=\box61
\l__siunitx_table_after_box=\box62
\l__siunitx_table_before_dim=\dimen165
\l__siunitx_table_carry_dim=\dimen166
\l__siunitx_unit_tmp_int=\count438
\l__siunitx_unit_position_int=\count439
\l__siunitx_unit_total_int=\count440

(/usr/local/texlive/2024/texmf-dist/tex/latex/tools/array.sty
Package: array 2023/10/16 v2.5g Tabular extension package (FMi)
\col@sep=\dimen167
\ar@mcellbox=\box63
\extrarowheight=\dimen168
\NC@list=\toks26
\extratabsurround=\skip75
\backup@length=\skip76
\ar@cellbox=\box64
))
\@quotelevel=\count441
\@quotereset=\count442
Package translations Info: No language package found. I am going to use `englis
h' as default language. on input line 24.

(/usr/local/texlive/2024/texmf-dist/tex/latex/graphics/color.sty
Package: color 2022/01/06 v1.3d Standard LaTeX Color (DPC)

(/usr/local/texlive/2024/texmf-dist/tex/latex/graphics-cfg/color.cfg
File: color.cfg 2016/01/02 v1.6 sample color configuration
)
Package color Info: Driver file: pdftex.def on input line 149.

(/usr/local/texlive/2024/texmf-dist/tex/latex/graphics/mathcolor.ltx))
(./main.aux (./theory.aux) (./experiment.aux) (./results.aux) (./outlook.aux))
\openout1 = `main.aux'.

LaTeX Font Info:    Checking defaults for OML/cmm/m/it on input line 24.
LaTeX Font Info:    ... okay on input line 24.
LaTeX Font Info:    Checking defaults for OMS/cmsy/m/n on input line 24.
LaTeX Font Info:    ... okay on input line 24.
LaTeX Font Info:    Checking defaults for OT1/cmr/m/n on input line 24.
LaTeX Font Info:    ... okay on input line 24.
LaTeX Font Info:    Checking defaults for T1/cmr/m/n on input line 24.
LaTeX Font Info:    ... okay on input line 24.
LaTeX Font Info:    Checking defaults for TS1/cmr/m/n on input line 24.
LaTeX Font Info:    ... okay on input line 24.
LaTeX Font Info:    Checking defaults for OMX/cmex/m/n on input line 24.
LaTeX Font Info:    ... okay on input line 24.
LaTeX Font Info:    Checking defaults for U/cmr/m/n on input line 24.
LaTeX Font Info:    ... okay on input line 24.

(/usr/local/texlive/2024/texmf-dist/tex/context/base/mkii/supp-pdf.mkii
[Loading MPS to PDF converter (version 2006.09.02).]
\scratchcounter=\count443
\scratchdimen=\dimen169
\scratchbox=\box65
\nofMPsegments=\count444
\nofMParguments=\count445
\everyMPshowfont=\toks27
\MPscratchCnt=\count446
\MPscratchDim=\dimen170
\MPnumerator=\count447
\makeMPintoPDFobject=\count448
\everyMPtoPDFconversion=\toks28
) (/usr/local/texlive/2024/texmf-dist/tex/latex/epstopdf-pkg/epstopdf-base.sty
Package: epstopdf-base 2020-01-24 v2.11 Base part for package epstopdf
Package epstopdf-base Info: Redefining graphics rule for `.eps' on input line 4
85.

(/usr/local/texlive/2024/texmf-dist/tex/latex/latexconfig/epstopdf-sys.cfg
File: epstopdf-sys.cfg 2010/07/13 v1.3 Configuration of (r)epstopdf for TeX Liv
e
))
Package biblatex Info: Trying to load language 'english'...
Package biblatex Info: ... file 'english.lbx' found.

(/usr/local/texlive/2024/texmf-dist/tex/latex/biblatex/lbx/english.lbx
File: english.lbx 2023/03/05 v3.19 biblatex localization (PK/MW)
)
Package biblatex Info: Input encoding 'utf8' detected.
Package biblatex Info: Automatic encoding selection.
(biblatex)             Assuming data encoding 'utf8'.
\openout3 = `main.bcf'.

Package biblatex Info: Trying to load bibliographic data...
Package biblatex Info: ... file 'main.bbl' found.

(./main.bbl)
Package biblatex Info: Reference section=0 on input line 24.
Package biblatex Info: Reference segment=0 on input line 24.

*geometry* driver: auto-detecting
*geometry* detected driver: pdftex
*geometry* verbose mode - [ preamble ] result:
* driver: pdftex
* paper: a4paper
* layout: <same size as paper>
* layoutoffset:(h,v)=(0.0pt,0.0pt)
* modes: 
* h-part:(L,W,R)=(56.90552pt, 483.69684pt, 56.90552pt)
* v-part:(T,H,B)=(42.67912pt, 711.3189pt, 91.04883pt)
* \paperwidth=597.50787pt
* \paperheight=845.04684pt
* \textwidth=483.69684pt
* \textheight=711.3189pt
* \oddsidemargin=-15.36447pt
* \evensidemargin=-15.36447pt
* \topmargin=-66.59087pt
* \headheight=12.0pt
* \headsep=25.0pt
* \topskip=10.0pt
* \footskip=30.0pt
* \marginparwidth=57.0pt
* \marginparsep=11.0pt
* \columnsep=10.0pt
* \skip\footins=9.0pt plus 4.0pt minus 2.0pt
* \hoffset=0.0pt
* \voffset=0.0pt
* \mag=1000
* \@twocolumnfalse
* \@twosidefalse
* \@mparswitchfalse
* \@reversemarginfalse
* (1in=72.27pt=25.4mm, 1cm=28.453pt)


(/usr/local/texlive/2024/texmf-dist/tex/latex/translations/translations-basic-d
ictionary-english.trsl
File: translations-basic-dictionary-english.trsl (english translation file `tra
nslations-basic-dictionary')
)
Package translations Info: loading dictionary `translations-basic-dictionary' f
or `english'. on input line 24.
<images/MNG_pic.png, id=1, 414.54875pt x 135.50626pt>
File: images/MNG_pic.png Graphic file (type png)
<use images/MNG_pic.png>
Package pdftex.def Info: images/MNG_pic.png  used on input line 28.
(pdftex.def)             Requested size: 120.92421pt x 39.5253pt.
<images/active_setup_photo.jpg, id=3, 2014.52625pt x 3254.1575pt>
File: images/active_setup_photo.jpg Graphic file (type jpg)
<use images/active_setup_photo.jpg>
Package pdftex.def Info: images/active_setup_photo.jpg  used on input line 36.
(pdftex.def)             Requested size: 256.0748pt x 413.621pt.
 [1

{/usr/local/texlive/2024/texmf-var/fonts/map/pdftex/updmap/pdftex.map} <./image
s/MNG_pic.png> <./images/active_setup_photo.jpg>]

Package geometry Warning: `a4paper': not available in `\newgeometry'; skipped.

*geometry* verbose mode - [ newgeometry ] result:
* driver: pdftex
* paper: a4paper
* layout: <same size as paper>
* layoutoffset:(h,v)=(0.0pt,0.0pt)
* modes: 
* h-part:(L,W,R)=(99.58464pt, 398.33858pt, 99.58466pt)
* v-part:(T,H,B)=(85.35826pt, 654.41338pt, 105.2752pt)
* \paperwidth=597.50787pt
* \paperheight=845.04684pt
* \textwidth=398.33858pt
* \textheight=654.41338pt
* \oddsidemargin=27.31465pt
* \evensidemargin=27.31465pt
* \topmargin=-23.91173pt
* \headheight=12.0pt
* \headsep=25.0pt
* \topskip=10.0pt
* \footskip=30.0pt
* \marginparwidth=57.0pt
* \marginparsep=11.0pt
* \columnsep=10.0pt
* \skip\footins=9.0pt plus 4.0pt minus 2.0pt
* \hoffset=0.0pt
* \voffset=0.0pt
* \mag=1000
* \@twocolumnfalse
* \@twosidefalse
* \@mparswitchfalse
* \@reversemarginfalse
* (1in=72.27pt=25.4mm, 1cm=28.453pt)

[1

] [1] (./main.toc
LaTeX Font Info:    Trying to load font information for U+msa on input line 3.

(/usr/local/texlive/2024/texmf-dist/tex/latex/amsfonts/umsa.fd
File: umsa.fd 2013/01/14 v3.01 AMS symbols A
)
LaTeX Font Info:    Trying to load font information for U+msb on input line 3.

(/usr/local/texlive/2024/texmf-dist/tex/latex/amsfonts/umsb.fd
File: umsb.fd 2013/01/14 v3.01 AMS symbols B
) [2])
\tf@toc=\write4
\openout4 = `main.toc'.

 [3]
(./introduction.tex [4]) (./hist_app.tex
<images/raman_spectra/raman_shift_DCM.png, id=29, 988.69376pt x 694.595pt>
File: images/raman_spectra/raman_shift_DCM.png Graphic file (type png)
<use images/raman_spectra/raman_shift_DCM.png>
Package pdftex.def Info: images/raman_spectra/raman_shift_DCM.png  used on inpu
t line 10.
(pdftex.def)             Requested size: 219.08743pt x 153.91364pt.

Underfull \hbox (badness 1281) in paragraph at lines 17--18
[][]\OT1/cmr/m/n/10 Raman spec-troscopy is a spec-
 []

[5 <./images/raman_spectra/raman_shift_DCM.png>] [6]) [7]
\openout2 = `theory.aux'.

 (./theory.tex
[8

] [9] [10]
Underfull \hbox (badness 10000) in paragraph at lines 155--158

 []


Overfull \hbox (23.32483pt too wide) detected at line 180
 []$[] \OT1/cmr/m/n/10 = \OML/cmm/m/it/10 [] \OMS/cmsy/m/n/10 ^^C \OML/cmm/m/i
t/10 E[]cos\OT1/cmr/m/n/10 (2\OML/cmm/m/it/10 ^^Y^^W[]t\OT1/cmr/m/n/10 ) + [] [
][] \OML/cmm/m/it/10 q[]E[]cos\OT1/cmr/m/n/10 (2\OML/cmm/m/it/10 ^^Y\OT1/cmr/m/
n/10 (\OML/cmm/m/it/10 ^^W[] \OMS/cmsy/m/n/10 ^^@ \OML/cmm/m/it/10 ^^W[]\OT1/cm
r/m/n/10 )\OML/cmm/m/it/10 t\OT1/cmr/m/n/10 ) + [] [][] \OML/cmm/m/it/10 q[]E[]
cos\OT1/cmr/m/n/10 (2\OML/cmm/m/it/10 ^^Y\OT1/cmr/m/n/10 (\OML/cmm/m/it/10 ^^W[
] \OT1/cmr/m/n/10 + \OML/cmm/m/it/10 ^^W[]\OT1/cmr/m/n/10 )\OML/cmm/m/it/10 t\O
T1/cmr/m/n/10 )$ []  
 []

[11] [12]
<images/theory/qm_scattering.png, id=64, 825.0825pt x 592.2125pt>
File: images/theory/qm_scattering.png Graphic file (type png)
<use images/theory/qm_scattering.png>
Package pdftex.def Info: images/theory/qm_scattering.png  used on input line 20
3.
(pdftex.def)             Requested size: 398.33858pt x 285.91243pt.
 [13 <./images/theory/qm_scattering.png>] [14]) [15] (./mat_met.tex
<images/setup_graphics/setup_photo_numbered.png, id=78, 672.5125pt x 413.545pt>

File: images/setup_graphics/setup_photo_numbered.png Graphic file (type png)
<use images/setup_graphics/setup_photo_numbered.png>
Package pdftex.def Info: images/setup_graphics/setup_photo_numbered.png  used o
n input line 5.
(pdftex.def)             Requested size: 398.33858pt x 244.94858pt.
<images/setup_graphics/setup_graphic.png, id=79, 872.25874pt x 377.41pt>
File: images/setup_graphics/setup_graphic.png Graphic file (type png)
<use images/setup_graphics/setup_graphic.png>
Package pdftex.def Info: images/setup_graphics/setup_graphic.png  used on input
 line 26.
(pdftex.def)             Requested size: 398.33858pt x 172.34952pt.

[16


{/usr/local/texlive/2024/texmf-dist/fonts/enc/dvips/cm-super/cm-super-ts1.enc} 
<./images/setup_graphics/setup_photo_numbered.png>] [17 <./images/setup_graphic
s/setup_graphic.png>]
<images/setup_graphics/laser.png, id=90, 895.345pt x 400.49625pt>
File: images/setup_graphics/laser.png Graphic file (type png)
<use images/setup_graphics/laser.png>
Package pdftex.def Info: images/setup_graphics/laser.png  used on input line 46
.
(pdftex.def)             Requested size: 398.33858pt x 178.18054pt.
 [18 <./images/setup_graphics/laser.png>]
<images/setup_graphics/spectrometer.png, id=95, 688.5725pt x 600.2425pt>
File: images/setup_graphics/spectrometer.png Graphic file (type png)
<use images/setup_graphics/spectrometer.png>
Package pdftex.def Info: images/setup_graphics/spectrometer.png  used on input 
line 66.
(pdftex.def)             Requested size: 358.50227pt x 312.51257pt.
 [19 <./images/setup_graphics/spectrometer.png>]
<images/setup_graphics/optical_grating.png, id=100, 620.3175pt x 485.815pt>
File: images/setup_graphics/optical_grating.png Graphic file (type png)
<use images/setup_graphics/optical_grating.png>
Package pdftex.def Info: images/setup_graphics/optical_grating.png  used on inp
ut line 81.
(pdftex.def)             Requested size: 119.50278pt x 93.58824pt.


Package wrapfig Warning: Collision between wrapping environments on input line 
88.

<images/setup_graphics/grating_graphic.png, id=101, 419.5675pt x 320.19624pt>
File: images/setup_graphics/grating_graphic.png Graphic file (type png)
<use images/setup_graphics/grating_graphic.png>
Package pdftex.def Info: images/setup_graphics/grating_graphic.png  used on inp
ut line 91.
(pdftex.def)             Requested size: 159.333pt x 121.59277pt.

Underfull \hbox (badness 1077) in paragraph at lines 87--94
\OT1/cmr/m/n/10 sep-a-rate white light by wave-length. Gen-er-ally,
 []


Underfull \hbox (badness 1484) in paragraph at lines 87--94
\OT1/cmr/m/n/10 ing diffracts light back into the plane of in-ci-
 []


Package wrapfig Warning: Stationary wrapfigure forced to float on input line 94
.


Package wrapfig Warning: Stationary wrapfigure forced to float on input line 99
.


Underfull \hbox (badness 1502) in paragraph at lines 104--105
\OT1/cmr/m/n/10 wave-length $\OML/cmm/m/it/10 ^^U$\OT1/cmr/m/n/10 , they in-ter
-fere with each
 []

[20 <./images/setup_graphics/optical_grating.png> <./images/setup_graphics/grat
ing_graphic.png>]
<images/data_raman.png, id=107, 310.15875pt x 284.06125pt>
File: images/data_raman.png Graphic file (type png)
<use images/data_raman.png>
Package pdftex.def Info: images/data_raman.png  used on input line 134.
(pdftex.def)             Requested size: 159.333pt x 145.9269pt.
) [21 <./images/data_raman.png>]
\openout2 = `experiment.aux'.

 (./experiment.tex
<images/setup_graphics/setup_separate/setup_notsetup.jpg, id=112, 4095.3pt x 30
83.52pt>
File: images/setup_graphics/setup_separate/setup_notsetup.jpg Graphic file (typ
e jpg)
<use images/setup_graphics/setup_separate/setup_notsetup.jpg>
Package pdftex.def Info: images/setup_graphics/setup_separate/setup_notsetup.jp
g  used on input line 7.
(pdftex.def)             Requested size: 398.33858pt x 299.90094pt.
) [22

 <./images/setup_graphics/setup_separate/setup_notsetup.jpg>]
\openout2 = `results.aux'.

 (./results.tex
Underfull \hbox (badness 10000) in paragraph at lines 13--15

 []

[23



] [24]
<images/raman_spectra/dcm_i.png, id=123, 652.4375pt x 491.8375pt>
File: images/raman_spectra/dcm_i.png Graphic file (type png)
<use images/raman_spectra/dcm_i.png>
Package pdftex.def Info: images/raman_spectra/dcm_i.png  used on input line 59.

(pdftex.def)             Requested size: 119.50278pt x 90.08041pt.
 [25 <./images/raman_spectra/dcm_i.png>]
File: images/raman_spectra/raman_shift_DCM.png Graphic file (type png)
<use images/raman_spectra/raman_shift_DCM.png>
Package pdftex.def Info: images/raman_spectra/raman_shift_DCM.png  used on inpu
t line 107.
(pdftex.def)             Requested size: 398.33858pt x 279.84682pt.
<images/lit_raman/dichloromethane.png, id=128, 1319.93124pt x 470.75874pt>
File: images/lit_raman/dichloromethane.png Graphic file (type png)
<use images/lit_raman/dichloromethane.png>
Package pdftex.def Info: images/lit_raman/dichloromethane.png  used on input li
ne 113.
(pdftex.def)             Requested size: 398.33858pt x 142.06914pt.
 [26 <./images/lit_raman/dichloromethane.png>]
<images/raman_spectra/eth_i.png, id=133, 652.4375pt x 539.01375pt>
File: images/raman_spectra/eth_i.png Graphic file (type png)
<use images/raman_spectra/eth_i.png>
Package pdftex.def Info: images/raman_spectra/eth_i.png  used on input line 125
.
(pdftex.def)             Requested size: 159.333pt x 131.63594pt.

Underfull \hbox (badness 1102) in paragraph at lines 131--132
\OT1/cmr/m/n/10 C$[]$H$[]$O, see Fig-ure 14[]. Ta-ble 2[] com-
 []

[27 <./images/raman_spectra/eth_i.png>]
<images/raman_spectra/raman_shift_ethanol.png, id=138, 997.7275pt x 683.55376pt
>
File: images/raman_spectra/raman_shift_ethanol.png Graphic file (type png)
<use images/raman_spectra/raman_shift_ethanol.png>
Package pdftex.def Info: images/raman_spectra/raman_shift_ethanol.png  used on 
input line 170.
(pdftex.def)             Requested size: 398.33858pt x 272.90558pt.
<images/lit_raman/ethanol.png, id=139, 1319.93124pt x 470.75874pt>
File: images/lit_raman/ethanol.png Graphic file (type png)
<use images/lit_raman/ethanol.png>
Package pdftex.def Info: images/lit_raman/ethanol.png  used on input line 179.
(pdftex.def)             Requested size: 398.33858pt x 142.06914pt.
 [28 <./images/raman_spectra/raman_shift_ethanol.png> <./images/lit_raman/ethan
ol.png>]
<images/raman_spectra/pe_i.png, id=145, 568.1225pt x 291.0875pt>
File: images/raman_spectra/pe_i.png Graphic file (type png)
<use images/raman_spectra/pe_i.png>
Package pdftex.def Info: images/raman_spectra/pe_i.png  used on input line 191.

(pdftex.def)             Requested size: 159.333pt x 81.63718pt.
 [29 <./images/raman_spectra/pe_i.png>]
<images/raman_spectra/raman_shift_polyethyleneh.png, id=151, 977.6525pt x 634.3
7pt>
File: images/raman_spectra/raman_shift_polyethyleneh.png Graphic file (type png
)
<use images/raman_spectra/raman_shift_polyethyleneh.png>
Package pdftex.def Info: images/raman_spectra/raman_shift_polyethyleneh.png  us
ed on input line 239.
(pdftex.def)             Requested size: 398.33858pt x 258.4672pt.
<images/lit_raman/HDPE.png, id=152, 1469.49pt x 520.94624pt>
File: images/lit_raman/HDPE.png Graphic file (type png)
<use images/lit_raman/HDPE.png>
Package pdftex.def Info: images/lit_raman/HDPE.png  used on input line 246.
(pdftex.def)             Requested size: 398.33858pt x 141.21379pt.
 [30 <./images/raman_spectra/raman_shift_polyethyleneh.png> <./images/lit_raman
/HDPE.png>]
<images/raman_spectra/ps_i.png, id=158, 439.6425pt x 537.00626pt>
File: images/raman_spectra/ps_i.png Graphic file (type png)
<use images/raman_spectra/ps_i.png>
Package pdftex.def Info: images/raman_spectra/ps_i.png  used on input line 258.

(pdftex.def)             Requested size: 119.50278pt x 145.96053pt.

Underfull \hbox (badness 3333) in paragraph at lines 259--259
[]\OT1/cmr/m/n/10 Figure 20: Polystyene, skele-ton
 []

[31 <./images/raman_spectra/ps_i.png>]
<images/raman_spectra/raman_shift_polystyreneh.png, id=163, 1104.125pt x 716.67
75pt>
File: images/raman_spectra/raman_shift_polystyreneh.png Graphic file (type png)

<use images/raman_spectra/raman_shift_polystyreneh.png>
Package pdftex.def Info: images/raman_spectra/raman_shift_polystyreneh.png  use
d on input line 302.
(pdftex.def)             Requested size: 478.00507pt x 310.2759pt.
<images/lit_raman/PS.png, id=164, 1463.4675pt x 493.845pt>
File: images/lit_raman/PS.png Graphic file (type png)
<use images/lit_raman/PS.png>
Package pdftex.def Info: images/lit_raman/PS.png  used on input line 310.
(pdftex.def)             Requested size: 398.33858pt x 134.4175pt.
) [32 <./images/raman_spectra/raman_shift_polystyreneh.png> <./images/lit_raman
/PS.png>]
\openout2 = `outlook.aux'.

 (./outlook.tex) [33



]
Overfull \hbox (14.22777pt too wide) in paragraph at lines 102--102
[]\OT1/cmr/m/n/10 Tsuyoshi Fu-rukawa et al. ``Molec-u-lar Struc-ture, Crys-tall
inity and Mor-phol-ogy of Polyethy-
 []


Overfull \hbox (2.41556pt too wide) in paragraph at lines 102--102
\OT1/cmr/m/n/10 lene/Polypropylene Blends Stud-ied by Ra-man Map-ping, Scan-nin
g Elec-tron Mi-croscopy,
 []

[34


]
Overfull \hbox (9.99152pt too wide) in paragraph at lines 102--102
\OT1/cmtt/m/n/10 physicsopenlab . org / 2022 / 05 / 08 / polymer -[] analysis -
[] using -[] raman -[] spectroscopy/$\OT1/cmr/m/n/10 . 
 []


Overfull \hbox (33.9635pt too wide) in paragraph at lines 102--102
\OT1/cmtt/m/n/10 spectrometers / raman -[] application -[] corner / raman -[] s
pectroscopy -[] for -[] pharmaceutical /
 []

[35] [36] (./appendix.tex
Underfull \hbox (badness 10000) in paragraph at lines 1--3

 []

<images/code_raman_shift.png, id=185, 784.9325pt x 726.715pt>
File: images/code_raman_shift.png Graphic file (type png)
<use images/code_raman_shift.png>
Package pdftex.def Info: images/code_raman_shift.png  used on input line 7.
(pdftex.def)             Requested size: 358.50227pt x 331.91995pt.
[37 <./images/code_raman_shift.png>]) [38] (./main.aux (./theory.aux)
(./experiment.aux) (./results.aux) (./outlook.aux))
 ***********
LaTeX2e <2023-11-01> patch level 1
L3 programming layer <2024-02-20>
 ***********
Package logreq Info: Writing requests to 'main.run.xml'.
\openout1 = `main.run.xml'.

 ) 
Here is how much of TeX's memory you used:
 16123 strings out of 474116
 351845 string characters out of 5743681
 1940187 words of memory out of 5000000
 38303 multiletter control sequences out of 15000+600000
 563648 words of font info for 57 fonts, out of 8000000 for 9000
 1141 hyphenation exceptions out of 8191
 66i,14n,87p,1181b,1356s stack positions out of 10000i,1000n,20000p,200000b,200000s
</usr/local/texlive/2024/texmf-dist/fonts/type1/public/amsfonts/cm/cmbx10.pfb
></usr/local/texlive/2024/texmf-dist/fonts/type1/public/amsfonts/cm/cmbx12.pfb>
</usr/local/texlive/2024/texmf-dist/fonts/type1/public/amsfonts/cm/cmcsc10.pfb>
</usr/local/texlive/2024/texmf-dist/fonts/type1/public/amsfonts/cm/cmex10.pfb><
/usr/local/texlive/2024/texmf-dist/fonts/type1/public/amsfonts/cmextra/cmex7.pf
b></usr/local/texlive/2024/texmf-dist/fonts/type1/public/amsfonts/cm/cmmi10.pfb
></usr/local/texlive/2024/texmf-dist/fonts/type1/public/amsfonts/cm/cmmi5.pfb><
/usr/local/texlive/2024/texmf-dist/fonts/type1/public/amsfonts/cm/cmmi7.pfb></u
sr/local/texlive/2024/texmf-dist/fonts/type1/public/amsfonts/cm/cmr10.pfb></usr
/local/texlive/2024/texmf-dist/fonts/type1/public/amsfonts/cm/cmr12.pfb></usr/l
ocal/texlive/2024/texmf-dist/fonts/type1/public/amsfonts/cm/cmr5.pfb></usr/loca
l/texlive/2024/texmf-dist/fonts/type1/public/amsfonts/cm/cmr7.pfb></usr/local/t
exlive/2024/texmf-dist/fonts/type1/public/amsfonts/cm/cmsy10.pfb></usr/local/te
xlive/2024/texmf-dist/fonts/type1/public/amsfonts/cm/cmsy7.pfb></usr/local/texl
ive/2024/texmf-dist/fonts/type1/public/amsfonts/cm/cmti10.pfb></usr/local/texli
ve/2024/texmf-dist/fonts/type1/public/amsfonts/cm/cmtt10.pfb></usr/local/texliv
e/2024/texmf-dist/fonts/type1/public/cm-super/sfrm1000.pfb>
Output written on main.pdf (40 pages, 13243668 bytes).
PDF statistics:
 268 PDF objects out of 1000 (max. 8388607)
 144 compressed objects within 2 object streams
 0 named destinations out of 1000 (max. 500000)
 121 words of extra memory for PDF output out of 10000 (max. 10000000)

